Namespace(dataset='music', aggregator="'neighbor'", n_epochs=20, neighbor_sample_size=8, dim=16, n_iter=1, batch_size=32, l2_weight=0.0001, lr=0.0005, ratio=0.8)
Build dataset dataframe ... Done
Construct knowledge graph ... Done
[Epoch 1] train_loss:0.8809417375874362 test_loss:0.8051218343230914 acc:0.5022741705160706
[Epoch 2] train_loss:0.7483001935020497 test_loss:0.7271756669260421 acc:0.50260573089025
[Epoch 3] train_loss:0.7025284601113388 test_loss:0.7054396721552003 acc:0.5016957964345702
[Epoch 4] train_loss:0.6911675649166558 test_loss:0.6992260973408537 acc:0.5024314953783184
[Epoch 5] train_loss:0.6876533732198116 test_loss:0.696734938981398 acc:0.5018739916445629
[Epoch 6] train_loss:0.6858015924382592 test_loss:0.6953377168133573 acc:0.5054796007824268
[Epoch 7] train_loss:0.68425428056852 test_loss:0.6943715273209338 acc:0.5092496314335198
[Epoch 8] train_loss:0.6824003746759453 test_loss:0.6934679580184648 acc:0.5178221407728618
[Epoch 9] train_loss:0.6794097182095558 test_loss:0.6920235694579359 acc:0.532198774186552
[Epoch 10] train_loss:0.6735909505201129 test_loss:0.6883430624907871 acc:0.5658656263098525
[Epoch 11] train_loss:0.6607720338026232 test_loss:0.6765291654838705 acc:0.6341791143946962
[Epoch 12] train_loss:0.6299616246430575 test_loss:0.6398277966481335 acc:0.7479867062930511
[Epoch 13] train_loss:0.565926680230554 test_loss:0.5694148809280035 acc:0.8257688969314537
[Epoch 14] train_loss:0.4853662426343383 test_loss:0.5036148850647908 acc:0.8597583498456743
[Epoch 15] train_loss:0.42391261252960694 test_loss:0.46426298505855057 acc:0.874185102697862
[Epoch 16] train_loss:0.38601657922702426 test_loss:0.44329392111526345 acc:0.8810865337816544
[Epoch 17] train_loss:0.3627987651891366 test_loss:0.4317788235421451 acc:0.8848325152111541
[Epoch 18] train_loss:0.34766581506803423 test_loss:0.4251991196623388 acc:0.8866596091348258
[Epoch 19] train_loss:0.3369659642997612 test_loss:0.4214047536535083 acc:0.8882520919796532
[Epoch 20] train_loss:0.3287418919340184 test_loss:0.41902511980173723 acc:0.889073172610839
training time:157.40138697624207
