Namespace(dataset='music', aggregator="'sum'", n_epochs=20, neighbor_sample_size=8, dim=16, n_iter=1, batch_size=32, l2_weight=0.0001, lr=0.0005, ratio=0.8)
Build dataset dataframe ... Done
Construct knowledge graph ... Done
[Epoch 1] train_loss:0.8665108887849832 test_loss:0.7903184787282403 acc:0.5063915642055156
[Epoch 2] train_loss:0.7417328656001176 test_loss:0.7195236671645686 acc:0.5070271050186207
[Epoch 3] train_loss:0.7009389953752865 test_loss:0.7013264343423663 acc:0.5091348459054961
[Epoch 4] train_loss:0.6915934954869286 test_loss:0.6966080382185162 acc:0.509123977094558
[Epoch 5] train_loss:0.6886897465887781 test_loss:0.6947563290596008 acc:0.51114878328035
[Epoch 6] train_loss:0.686878440175223 test_loss:0.6935263224367826 acc:0.5136845685973187
[Epoch 7] train_loss:0.6848828112099731 test_loss:0.6921008928766791 acc:0.5215705286441451
[Epoch 8] train_loss:0.6815447364920597 test_loss:0.6893070054504107 acc:0.5408949323840843
[Epoch 9] train_loss:0.6740474245591024 test_loss:0.6815641200767373 acc:0.5933405999134315
[Epoch 10] train_loss:0.6540202180994806 test_loss:0.657203163965693 acc:0.6968723612366079
[Epoch 11] train_loss:0.6030602607387096 test_loss:0.5970755685050533 acc:0.7957776479385287
[Epoch 12] train_loss:0.5211879970669409 test_loss:0.5265871546178494 acc:0.842032754645654
[Epoch 13] train_loss:0.45301020333967307 test_loss:0.4830390439843232 acc:0.8609398262496597
[Epoch 14] train_loss:0.4125588906610541 test_loss:0.45926028973651384 acc:0.8706265638318982
[Epoch 15] train_loss:0.38836158225286443 test_loss:0.44578811155175263 acc:0.8761015378462087
[Epoch 16] train_loss:0.37266825364658135 test_loss:0.43805835078347405 acc:0.8796737862971636
[Epoch 17] train_loss:0.36173095771509933 test_loss:0.4333916325614137 acc:0.8816492875216705
[Epoch 18] train_loss:0.353456663215802 test_loss:0.4303586738289527 acc:0.8829811322050551
[Epoch 19] train_loss:0.3467466152564212 test_loss:0.42826545159771756 acc:0.8838422887185076
[Epoch 20] train_loss:0.3410170817003709 test_loss:0.4267901527431776 acc:0.8848556922740979
training time:162.9032952785492
