Namespace(dataset='music', aggregator="'concat'", n_epochs=20, neighbor_sample_size=8, dim=16, n_iter=1, batch_size=32, l2_weight=0.0001, lr=0.0005, ratio=0.8)
Build dataset dataframe ... Done
Construct knowledge graph ... Done
[Epoch 1] train_loss:0.9014769189756248 test_loss:0.8207785023833221 acc:0.48992891410171174
[Epoch 2] train_loss:0.7549697421315259 test_loss:0.7311396364895802 acc:0.4924562849525447
[Epoch 3] train_loss:0.7041535584627175 test_loss:0.7057306759762314 acc:0.49789034097369156
[Epoch 4] train_loss:0.6918335406705948 test_loss:0.6987051678153704 acc:0.5036996382955863
[Epoch 5] train_loss:0.6881636507225217 test_loss:0.6959996342658996 acc:0.5073576758673914
[Epoch 6] train_loss:0.6862642981175323 test_loss:0.6945190251998181 acc:0.5106712538289092
[Epoch 7] train_loss:0.6846619227002317 test_loss:0.6934486368917069 acc:0.5149853688010053
[Epoch 8] train_loss:0.6826402873110389 test_loss:0.6922826328367557 acc:0.5221698526824794
[Epoch 9] train_loss:0.6791475355568869 test_loss:0.6901189133806048 acc:0.5400973772346699
[Epoch 10] train_loss:0.6719803305253091 test_loss:0.6844074762092447 acc:0.5898721436649524
[Epoch 11] train_loss:0.6555991622498848 test_loss:0.6667189544101931 acc:0.6868780272827747
[Epoch 12] train_loss:0.6150490754724562 test_loss:0.6167447247595157 acc:0.7880531591164457
[Epoch 13] train_loss:0.5368366657955901 test_loss:0.5414491844627093 acc:0.841482364242122
[Epoch 14] train_loss:0.45653918669739346 test_loss:0.48759236875570044 acc:0.8635452763620255
[Epoch 15] train_loss:0.4053669156501381 test_loss:0.4596086197304276 acc:0.8732125108798462
[Epoch 16] train_loss:0.3759760318132253 test_loss:0.4451717176527347 acc:0.8784501506709906
[Epoch 17] train_loss:0.35796877236665703 test_loss:0.4365589329656565 acc:0.8815262910160214
[Epoch 18] train_loss:0.34569485505253106 test_loss:0.4307146597583339 acc:0.8841020343480119
[Epoch 19] train_loss:0.3367161362434582 test_loss:0.4273577407845911 acc:0.8849155119073623
[Epoch 20] train_loss:0.3296659694768214 test_loss:0.42524499623280654 acc:0.885502543065556
training time:155.61742424964905
