Namespace(dataset='music', aggregator='sum', n_epochs=20, neighbor_sample_size=8, dim=16, n_iter=1, batch_size=32, l2_weight=0.0001, lr=0.0005, ratio=0.8)
Build dataset dataframe ... Done
Construct knowledge graph ... Done
[Epoch 1] train_loss:1.0009708211487256 test_loss:0.8813687205314636 acc:0.5027424454347539
[Epoch 2] train_loss:0.7928732079194333 test_loss:0.737870984032469 acc:0.50748111263309
[Epoch 3] train_loss:0.7076885379970468 test_loss:0.7024450236896299 acc:0.5095608279332708
[Epoch 4] train_loss:0.6918713981751792 test_loss:0.6964336865353135 acc:0.5125805217909521
[Epoch 5] train_loss:0.6883574215953816 test_loss:0.6947243341859781 acc:0.5147399082266289
[Epoch 6] train_loss:0.6862281063911034 test_loss:0.6938545330515448 acc:0.5150287755714171
[Epoch 7] train_loss:0.6841464061237259 test_loss:0.6931570152066788 acc:0.5170096068685904
[Epoch 8] train_loss:0.6815003362098204 test_loss:0.6921420234554219 acc:0.5234885620412875
[Epoch 9] train_loss:0.6768736951299384 test_loss:0.6895415108158903 acc:0.5438182311053823
[Epoch 10] train_loss:0.6660131900461357 test_loss:0.6801801598296975 acc:0.5926188093849462
[Epoch 11] train_loss:0.6364939069837979 test_loss:0.6484010210577047 acc:0.6937092278123222
[Epoch 12] train_loss:0.5726356025683194 test_loss:0.5894954397993267 acc:0.7771109671551071
[Epoch 13] train_loss:0.4956913802340078 test_loss:0.5393392388550741 acc:0.8142886188421848
[Epoch 14] train_loss:0.43942944090584746 test_loss:0.5108295655475472 acc:0.8314257591658372
[Epoch 15] train_loss:0.4032702232386505 test_loss:0.495510455347457 acc:0.841132152115929
[Epoch 16] train_loss:0.37886105722644847 test_loss:0.48736844805051693 acc:0.8466691529923616
[Epoch 17] train_loss:0.3612842516616564 test_loss:0.48291692778749284 acc:0.849540939949869
[Epoch 18] train_loss:0.34767970880379195 test_loss:0.4802431084637372 acc:0.8520886756106462
[Epoch 19] train_loss:0.33642790481321533 test_loss:0.4784557862664169 acc:0.8536297829320785
[Epoch 20] train_loss:0.32663432941389486 test_loss:0.47711385600971723 acc:0.8552447074408907
training time:141.2999050617218
