Namespace(dataset='music', aggregator='sum', n_epochs=20, neighbor_sample_size=32, dim=16, n_iter=1, batch_size=32, l2_weight=0.0001, lr=0.0005, ratio=0.8)
Build dataset dataframe ... Done
Construct knowledge graph ... Done
[Epoch 1] train_loss:0.9980538182938515 test_loss:0.8844565740171468 acc:0.5007152644604345
[Epoch 2] train_loss:0.7925066403390328 test_loss:0.7409517504134269 acc:0.49857227546971516
[Epoch 3] train_loss:0.7081007005697832 test_loss:0.7046689829736386 acc:0.5005771879237174
[Epoch 4] train_loss:0.6919813758365606 test_loss:0.6979074223986211 acc:0.5030948895429855
[Epoch 5] train_loss:0.6882847345471945 test_loss:0.6957352912650918 acc:0.5062084743037591
[Epoch 6] train_loss:0.6860143245110768 test_loss:0.6944850696707672 acc:0.5086788393031834
[Epoch 7] train_loss:0.6837482584659731 test_loss:0.6935082937186619 acc:0.5147245822994461
[Epoch 8] train_loss:0.6808650010143168 test_loss:0.692298867342607 acc:0.5218736732896542
[Epoch 9] train_loss:0.6759446380383795 test_loss:0.6894465498204502 acc:0.5420521359034712
[Epoch 10] train_loss:0.6647463297371149 test_loss:0.6796913016517208 acc:0.5975873374834034
[Epoch 11] train_loss:0.6357329548024365 test_loss:0.6484040442502723 acc:0.7013924189855548
[Epoch 12] train_loss:0.576016599046835 test_loss:0.5898299375794969 acc:0.787436547301865
[Epoch 13] train_loss:0.5020946674013723 test_loss:0.5362345621270953 acc:0.826345265377173
[Epoch 14] train_loss:0.4444414922884886 test_loss:0.5037287779574124 acc:0.8426511873374983
[Epoch 15] train_loss:0.4054545460442983 test_loss:0.4848493209425008 acc:0.8521870707782642
[Epoch 16] train_loss:0.377841701701185 test_loss:0.47348265822203656 acc:0.8571694790173399
[Epoch 17] train_loss:0.3570823286703108 test_loss:0.46683245323738964 acc:0.8612261434861594
[Epoch 18] train_loss:0.340684492763649 test_loss:0.46284212503793104 acc:0.8632609288115003
[Epoch 19] train_loss:0.32709855306981533 test_loss:0.4602530594704286 acc:0.864404236800166
[Epoch 20] train_loss:0.31545587137299286 test_loss:0.4584193918502556 acc:0.8654539631147291
training time:147.3781077861786
