Namespace(dataset='music', aggregator='sum', n_epochs=20, neighbor_sample_size=4, dim=16, n_iter=1, batch_size=32, l2_weight=0.0001, lr=0.0005, ratio=0.8)
Build dataset dataframe ... Done
Construct knowledge graph ... Done
[Epoch 1] train_loss:0.9865018499696784 test_loss:0.8713625098174473 acc:0.49771819286609353
[Epoch 2] train_loss:0.7823849380635449 test_loss:0.7356088478610201 acc:0.4932812176907211
[Epoch 3] train_loss:0.7054039102550719 test_loss:0.704017297501834 acc:0.49400695925183735
[Epoch 4] train_loss:0.6924104679294979 test_loss:0.6981050882699354 acc:0.49617144829912896
[Epoch 5] train_loss:0.689307288306293 test_loss:0.696104467364977 acc:0.50004332638412
[Epoch 6] train_loss:0.6872553375670097 test_loss:0.6949169264649445 acc:0.5031505116602196
[Epoch 7] train_loss:0.6851703173378034 test_loss:0.6938466209285664 acc:0.5085991165952886
[Epoch 8] train_loss:0.6822727704183238 test_loss:0.6921210055081349 acc:0.5217344874881736
[Epoch 9] train_loss:0.6763021981412223 test_loss:0.6870583426277592 acc:0.5598898055816273
[Epoch 10] train_loss:0.6594915731095052 test_loss:0.6677921009513567 acc:0.6547678541883771
[Epoch 11] train_loss:0.6121388634946461 test_loss:0.6136782504477591 acc:0.7682125251803927
[Epoch 12] train_loss:0.5304070206550746 test_loss:0.547836592399849 acc:0.816680203148009
[Epoch 13] train_loss:0.45871574333864523 test_loss:0.5095325241673667 acc:0.8342346971214034
[Epoch 14] train_loss:0.41464767393298146 test_loss:0.49095091594839996 acc:0.8439268681333352
[Epoch 15] train_loss:0.3872006555510873 test_loss:0.48127390292455563 acc:0.8502493182073725
[Epoch 16] train_loss:0.36850248337692537 test_loss:0.47701961949186505 acc:0.8522842595724398
[Epoch 17] train_loss:0.3546945973597572 test_loss:0.47532526541430997 acc:0.853871806480508
[Epoch 18] train_loss:0.34364133264176455 test_loss:0.47470114680955994 acc:0.8550364567627746
[Epoch 19] train_loss:0.3341919631328754 test_loss:0.4745351944329604 acc:0.8554834788245687
[Epoch 20] train_loss:0.32575118748560844 test_loss:0.47455591160171434 acc:0.8563915128933156
training time:144.01032519340515
