Namespace(dataset='music', aggregator='sum', n_epochs=20, neighbor_sample_size=2, dim=16, n_iter=1, batch_size=32, l2_weight=0.0001, lr=0.0005, ratio=0.8)
Build dataset dataframe ... Done
Construct knowledge graph ... Done
[Epoch 1] train_loss:0.9836771645784603 test_loss:0.865917978421697 acc:0.49943423093989264
[Epoch 2] train_loss:0.7791478966518435 test_loss:0.7286223996360347 acc:0.5029692684345014
[Epoch 3] train_loss:0.704184406427306 test_loss:0.6997916984108259 acc:0.5069450603394249
[Epoch 4] train_loss:0.6918457725680696 test_loss:0.6952603918201519 acc:0.5103974732210725
[Epoch 5] train_loss:0.6888571967484255 test_loss:0.6939190320248874 acc:0.511982748117644
[Epoch 6] train_loss:0.6867413185923813 test_loss:0.6931205538083922 acc:0.5159304974896034
[Epoch 7] train_loss:0.684439131457137 test_loss:0.6922255261889044 acc:0.521615782375153
[Epoch 8] train_loss:0.6810491651268473 test_loss:0.6902844581963881 acc:0.5399575013353125
[Epoch 9] train_loss:0.6738000329763288 test_loss:0.6837698877982373 acc:0.588813641666999
[Epoch 10] train_loss:0.6531874794122517 test_loss:0.6590726206887443 acc:0.6882766931353216
[Epoch 11] train_loss:0.5991108355035862 test_loss:0.5980300176818416 acc:0.7905141541973748
[Epoch 12] train_loss:0.5159602213626318 test_loss:0.5320989066699766 acc:0.8316130807894817
[Epoch 13] train_loss:0.44712539497020676 test_loss:0.4947998378636702 acc:0.8478155812399919
[Epoch 14] train_loss:0.40454638546035465 test_loss:0.47761031085590144 acc:0.8547280435372985
[Epoch 15] train_loss:0.3783027043423639 test_loss:0.4703024850139078 acc:0.8580201833699286
[Epoch 16] train_loss:0.36087605490844354 test_loss:0.46719835884166216 acc:0.8592934374467194
[Epoch 17] train_loss:0.3477191472385603 test_loss:0.4644006217425724 acc:0.8611466656103086
[Epoch 18] train_loss:0.3365056856664652 test_loss:0.46313886198232757 acc:0.8623361798805609
[Epoch 19] train_loss:0.32723757510651275 test_loss:0.46302617304729965 acc:0.8625814821201202
[Epoch 20] train_loss:0.3192222623103514 test_loss:0.46336072402180367 acc:0.8630192373422306
training time:142.15048265457153
