Namespace(dataset='music', aggregator='sum', n_epochs=20, neighbor_sample_size=16, dim=16, n_iter=1, batch_size=32, l2_weight=0.0001, lr=0.0005, ratio=0.8)
Build dataset dataframe ... Done
Construct knowledge graph ... Done
[Epoch 1] train_loss:0.9935460055741192 test_loss:0.8767891591449953 acc:0.5027379940368333
[Epoch 2] train_loss:0.7868269318899419 test_loss:0.7370392792629745 acc:0.5033984422096106
[Epoch 3] train_loss:0.705442305439705 test_loss:0.704148485525599 acc:0.5047595673944676
[Epoch 4] train_loss:0.6910138250072685 test_loss:0.6980238019295458 acc:0.5049543508150011
[Epoch 5] train_loss:0.6874221017385452 test_loss:0.6958649907471999 acc:0.509553574264101
[Epoch 6] train_loss:0.6848197754989602 test_loss:0.694450496052796 acc:0.5131622875377634
[Epoch 7] train_loss:0.6817779927685983 test_loss:0.692889377980862 acc:0.5209251497526673
[Epoch 8] train_loss:0.6770510794533323 test_loss:0.6898567543839509 acc:0.5418511830160143
[Epoch 9] train_loss:0.6674092302241339 test_loss:0.6813756481656489 acc:0.5911513270172852
[Epoch 10] train_loss:0.644558768153078 test_loss:0.6567921265116278 acc:0.6801807782186989
[Epoch 11] train_loss:0.5958659848140252 test_loss:0.6062481786844865 acc:0.7637470779429906
[Epoch 12] train_loss:0.5264011512284463 test_loss:0.5495974126851784 acc:0.8131868923613571
[Epoch 13] train_loss:0.4643341514499149 test_loss:0.5117883208787666 acc:0.833741255584875
[Epoch 14] train_loss:0.42234761944010757 test_loss:0.4925711730741105 acc:0.8433104809792515
[Epoch 15] train_loss:0.39547483293767016 test_loss:0.48315723842045044 acc:0.8481553117895847
[Epoch 16] train_loss:0.37645149920434745 test_loss:0.47673208516723703 acc:0.8518258415194288
[Epoch 17] train_loss:0.36176209027920275 test_loss:0.4743236577173449 acc:0.8534863683267868
[Epoch 18] train_loss:0.35038620288412564 test_loss:0.47390342529089946 acc:0.8540628886932434
[Epoch 19] train_loss:0.34096580577752184 test_loss:0.47423727591082737 acc:0.8544748040051638
[Epoch 20] train_loss:0.332724944390251 test_loss:0.4748406014914783 acc:0.8545593517977899
training time:143.91031217575073
