Namespace(dataset='music', aggregator='sum', n_epochs=20, neighbor_sample_size=8, dim=32, n_iter=1, batch_size=32, l2_weight=0.0001, lr=0.0005, ratio=0.8)
Build dataset dataframe ... Done
Construct knowledge graph ... Done
[Epoch 1] train_loss:1.2197613239682317 test_loss:1.089635175578999 acc:0.49860899469184417
[Epoch 2] train_loss:0.9123824981161736 test_loss:0.8651570180677018 acc:0.49994021274001693
[Epoch 3] train_loss:0.7470996643260923 test_loss:0.7593299831984178 acc:0.5016510038391478
[Epoch 4] train_loss:0.6921703470439929 test_loss:0.7247778962243278 acc:0.5054254819770397
[Epoch 5] train_loss:0.6750865150893827 test_loss:0.7123075642675724 acc:0.5098107579852629
[Epoch 6] train_loss:0.6655112039491295 test_loss:0.7060583427267254 acc:0.5127180058143795
[Epoch 7] train_loss:0.6563869217187307 test_loss:0.701937560315402 acc:0.5184238143394053
[Epoch 8] train_loss:0.6453495815860651 test_loss:0.6981513212311943 acc:0.5291627585918803
[Epoch 9] train_loss:0.6297556153437909 test_loss:0.6922360849830339 acc:0.5504658938872062
[Epoch 10] train_loss:0.6049046877761063 test_loss:0.6785157691757634 acc:0.5961149018707638
[Epoch 11] train_loss:0.5634189138612846 test_loss:0.6464047211521077 acc:0.6757277614616305
[Epoch 12] train_loss:0.5013302983091731 test_loss:0.5931602914378328 acc:0.7594098124123935
[Epoch 13] train_loss:0.43193717575275864 test_loss:0.5414401586325663 acc:0.8080571135369817
[Epoch 14] train_loss:0.3750308574906377 test_loss:0.5081793726615186 acc:0.8321637636193361
[Epoch 15] train_loss:0.33434436459716926 test_loss:0.49027934940356127 acc:0.8427064052143968
[Epoch 16] train_loss:0.304740959231419 test_loss:0.4812024482578601 acc:0.8483089583061438
[Epoch 17] train_loss:0.28166425491246105 test_loss:0.4767253709289263 acc:0.8514292078866926
[Epoch 18] train_loss:0.2625524534776145 test_loss:0.4746521679860241 acc:0.8541996658450666
[Epoch 19] train_loss:0.24611487862239817 test_loss:0.4738489414161106 acc:0.8548691283629204
[Epoch 20] train_loss:0.23169478126805948 test_loss:0.4737178868280267 acc:0.8553089350713616
training time:182.13905787467957
