Namespace(dataset='music', aggregator='sum', n_epochs=20, neighbor_sample_size=8, dim=64, n_iter=1, batch_size=32, l2_weight=0.0001, lr=0.0005, ratio=0.8)
Build dataset dataframe ... Done
Construct knowledge graph ... Done
[Epoch 1] train_loss:1.6712663151724818 test_loss:1.4920424270180037 acc:0.5012716300599659
[Epoch 2] train_loss:1.1493203459312828 test_loss:1.2039432955238054 acc:0.5044048726686904
[Epoch 3] train_loss:0.8544888344995248 test_loss:1.013616107544809 acc:0.5089899671477595
[Epoch 4] train_loss:0.7047790108816707 test_loss:0.9016590984362476 acc:0.5129851993530099
[Epoch 5] train_loss:0.627582661603508 test_loss:0.8393186674927765 acc:0.5164950471831443
[Epoch 6] train_loss:0.580606678727666 test_loss:0.8031589762219843 acc:0.5216650437358734
[Epoch 7] train_loss:0.5440019277382617 test_loss:0.779202761964978 acc:0.5300450167064068
[Epoch 8] train_loss:0.5094520510706393 test_loss:0.7597359677530685 acc:0.5435504787147186
[Epoch 9] train_loss:0.4732408377502863 test_loss:0.7396600021506256 acc:0.5668580600082302
[Epoch 10] train_loss:0.4335246559468162 test_loss:0.7144899957584885 acc:0.5993070327797974
[Epoch 11] train_loss:0.3900869469016762 test_loss:0.6808523844997838 acc:0.6431619304872024
[Epoch 12] train_loss:0.3448880795350719 test_loss:0.6391176882779823 acc:0.6958535618838957
[Epoch 13] train_loss:0.30164481743086724 test_loss:0.5949981327326792 acc:0.7469022308197013
[Epoch 14] train_loss:0.2641879856248753 test_loss:0.5563388868322913 acc:0.7864817103237237
[Epoch 15] train_loss:0.23441392492865257 test_loss:0.5275817481976635 acc:0.8118725275101332
[Epoch 16] train_loss:0.2116582912513397 test_loss:0.5082426438916404 acc:0.8281845452188041
[Epoch 17] train_loss:0.19402061072129817 test_loss:0.49577718140943994 acc:0.8380689184500314
[Epoch 18] train_loss:0.17979980225659858 test_loss:0.48784165359892934 acc:0.8451233988573361
[Epoch 19] train_loss:0.1679135505197969 test_loss:0.4827699726482607 acc:0.8496988771377088
[Epoch 20] train_loss:0.15777716318513 test_loss:0.47946944675355585 acc:0.8530278433715472
training time:209.6761646270752
