Namespace(dataset='music', aggregator='sum', n_epochs=20, neighbor_sample_size=8, dim=16, n_iter=1, batch_size=32, l2_weight=0.0001, lr=0.0005, ratio=0.8)
Build dataset dataframe ... Done
Construct knowledge graph ... Done
[Epoch 1] train_loss:0.9756673782135205 test_loss:0.8767671519855283 acc:0.4974753295738792
[Epoch 2] train_loss:0.7815827682853533 test_loss:0.7419575484293812 acc:0.5005149768513355
[Epoch 3] train_loss:0.7063877037721945 test_loss:0.70662317770832 acc:0.5019419380183006
[Epoch 4] train_loss:0.6920357350474602 test_loss:0.6993536501560571 acc:0.5030365332422363
[Epoch 5] train_loss:0.6886276277986982 test_loss:0.6969255631824709 acc:0.5038080461255854
[Epoch 6] train_loss:0.6865343087343139 test_loss:0.6955085871354589 acc:0.5063863411560813
[Epoch 7] train_loss:0.6843936295865053 test_loss:0.6943163954986716 acc:0.5130651770012065
[Epoch 8] train_loss:0.6814647763826804 test_loss:0.6926719701515054 acc:0.5252791685747878
[Epoch 9] train_loss:0.6758882337521561 test_loss:0.6884868252952144 acc:0.5580879766290223
[Epoch 10] train_loss:0.6617726869353492 test_loss:0.6738132742216002 acc:0.63662943253837
[Epoch 11] train_loss:0.6237660855814688 test_loss:0.6302019072028826 acc:0.742767026690264
[Epoch 12] train_loss:0.5509152418042941 test_loss:0.565011369169883 acc:0.8078312009728058
[Epoch 13] train_loss:0.4763030588795713 test_loss:0.5209679109870263 acc:0.8292081516824021
[Epoch 14] train_loss:0.4269198065551527 test_loss:0.4988268438375221 acc:0.8397797474253239
[Epoch 15] train_loss:0.3957553125418392 test_loss:0.48755996024833537 acc:0.845423047500636
[Epoch 16] train_loss:0.37438473989087756 test_loss:0.4816284172939804 acc:0.8500035499688962
[Epoch 17] train_loss:0.3584653979010803 test_loss:0.4785971982299157 acc:0.8521867626268488
[Epoch 18] train_loss:0.34578335786113434 test_loss:0.47703614639786057 acc:0.853839399475404
[Epoch 19] train_loss:0.3351126604197271 test_loss:0.4762596066830293 acc:0.8546956639492022
[Epoch 20] train_loss:0.3257769836892037 test_loss:0.4758802055187945 acc:0.8555796644265244
training time:144.07617568969727
