Namespace(dataset='music', aggregator='sum', n_epochs=20, neighbor_sample_size=8, dim=8, n_iter=1, batch_size=32, l2_weight=0.0001, lr=0.0005, ratio=0.8)
Build dataset dataframe ... Done
Construct knowledge graph ... Done
[Epoch 1] train_loss:0.8368156801652413 test_loss:0.7590286547282956 acc:0.5123558445344973
[Epoch 2] train_loss:0.7247277595053538 test_loss:0.7010959400320953 acc:0.5114027750389979
[Epoch 3] train_loss:0.6961279808067847 test_loss:0.6942551014558325 acc:0.5096706374650793
[Epoch 4] train_loss:0.6927882656947524 test_loss:0.6936389902852617 acc:0.5052635775936263
[Epoch 5] train_loss:0.6920262013436265 test_loss:0.6934976526026456 acc:0.503506926090763
[Epoch 6] train_loss:0.6915075587595939 test_loss:0.6933511439359413 acc:0.5018690741292778
[Epoch 7] train_loss:0.6910123782297481 test_loss:0.6931254040520146 acc:0.5046110545263987
[Epoch 8] train_loss:0.6902800868771006 test_loss:0.6926123731541184 acc:0.5173528165568482
[Epoch 9] train_loss:0.6883932501218362 test_loss:0.6907258053995529 acc:0.5609177852216044
[Epoch 10] train_loss:0.6815329298756954 test_loss:0.6817127358238652 acc:0.6576988980714084
[Epoch 11] train_loss:0.6555704064702402 test_loss:0.6456985345426596 acc:0.7627546715366967
[Epoch 12] train_loss:0.5915847683538233 test_loss:0.5822889822833943 acc:0.8142654183663433
[Epoch 13] train_loss:0.5208957028963073 test_loss:0.5385825691358098 acc:0.832049843677084
[Epoch 14] train_loss:0.4745424322298498 test_loss:0.5155634939670563 acc:0.8398373418274296
[Epoch 15] train_loss:0.4449832701705558 test_loss:0.502904397474145 acc:0.8433260160539785
[Epoch 16] train_loss:0.42465918248728607 test_loss:0.49612653334185763 acc:0.843986060652838
[Epoch 17] train_loss:0.41007745811914476 test_loss:0.4926955008281852 acc:0.8438615131242884
[Epoch 18] train_loss:0.399307401296775 test_loss:0.49101986828840005 acc:0.8430340581580957
[Epoch 19] train_loss:0.391136736803397 test_loss:0.4902015120353339 acc:0.8433196456123851
[Epoch 20] train_loss:0.3847557990420416 test_loss:0.4897596950800914 acc:0.8433989081861504
training time:139.0021617412567
