Namespace(dataset='music', aggregator='sum', n_epochs=50, neighbor_sample_size=8, dim=16, n_iter=4, batch_size=32, l2_weight=0.0001, lr=0.0005, ratio=0.8)
Build dataset dataframe ... Done
Construct knowledge graph ... Done
[Epoch 1] train_loss:0.7243236997872732 test_loss:0.6947835429659429 acc:0.4984788029250977
[Epoch 2] train_loss:0.695426113882416 test_loss:0.6944345838618728 acc:0.49631453127094843
[Epoch 3] train_loss:0.6945442180232804 test_loss:0.6943825490069839 acc:0.4957810076256781
[Epoch 4] train_loss:0.6937049387534685 test_loss:0.6947009525209104 acc:0.497339467140742
[Epoch 5] train_loss:0.6925491363063413 test_loss:0.6960046630985331 acc:0.500609045723434
[Epoch 6] train_loss:0.6904395984747818 test_loss:0.6994012443524487 acc:0.5013411587678612
[Epoch 7] train_loss:0.6874323858192667 test_loss:0.7045076570420895 acc:0.5028223060488061
[Epoch 8] train_loss:0.6841513525212678 test_loss:0.7091012660062538 acc:0.5031768052090562
[Epoch 9] train_loss:0.6807971177402817 test_loss:0.712925303882023 acc:0.5023940734059084
[Epoch 10] train_loss:0.6772321113108237 test_loss:0.7163355262774341 acc:0.5020162427104337
[Epoch 11] train_loss:0.6733041933057892 test_loss:0.7193697859656136 acc:0.5007614075157686
[Epoch 12] train_loss:0.668789416523448 test_loss:0.7224291200907725 acc:0.4990257046746073
[Epoch 13] train_loss:0.6632604780233166 test_loss:0.7258116359980601 acc:0.49705396068348595
[Epoch 14] train_loss:0.6559334418141021 test_loss:0.7310289155762151 acc:0.49627992847693986
[Epoch 15] train_loss:0.6470141979857815 test_loss:0.7379021050795069 acc:0.49536764598362837
[Epoch 16] train_loss:0.636266720418777 test_loss:0.7445386873101288 acc:0.49681041170416546
[Epoch 17] train_loss:0.6236466416725018 test_loss:0.7491009539028384 acc:0.5012569514064165
[Epoch 18] train_loss:0.608672212552529 test_loss:0.7487326075445931 acc:0.5152420124165129
[Epoch 19] train_loss:0.5912755051516946 test_loss:0.7459074737890712 acc:0.5331213644874088
[Epoch 20] train_loss:0.5728569867703237 test_loss:0.7383918177406743 acc:0.5564132472376729
[Epoch 21] train_loss:0.5536572070364911 test_loss:0.729678457862926 acc:0.5809573539096031
[Epoch 22] train_loss:0.5342409121078405 test_loss:0.7202290489988507 acc:0.6042103572025058
[Epoch 23] train_loss:0.5157935987169502 test_loss:0.7117638243819183 acc:0.6230446537534147
[Epoch 24] train_loss:0.49913915068727266 test_loss:0.7056710495139068 acc:0.6352893293681395
[Epoch 25] train_loss:0.48414450574303936 test_loss:0.7005893257429014 acc:0.6469834005401782
[Epoch 26] train_loss:0.470991133940006 test_loss:0.6957792943378664 acc:0.6577807207235833
[Epoch 27] train_loss:0.45987424814442174 test_loss:0.6918707993795287 acc:0.6667146749137335
[Epoch 28] train_loss:0.4497035310389975 test_loss:0.687724850537642 acc:0.6747733579471553
[Epoch 29] train_loss:0.4407994488115239 test_loss:0.6859828391165104 acc:0.6811737179887528
[Epoch 30] train_loss:0.43281557256878267 test_loss:0.6840891416342754 acc:0.6859265772214925
[Epoch 31] train_loss:0.425724789767585 test_loss:0.6825826702252874 acc:0.6910744112798444
[Epoch 32] train_loss:0.41910096502056426 test_loss:0.6809288028276191 acc:0.6939779556023717
[Epoch 33] train_loss:0.4131474909183549 test_loss:0.6809277464758675 acc:0.6968204033255603
[Epoch 34] train_loss:0.40787681067631537 test_loss:0.6807255769675633 acc:0.6991373775945134
[Epoch 35] train_loss:0.403091258350918 test_loss:0.6807449913249826 acc:0.7010587461257823
[Epoch 36] train_loss:0.39809256298177303 test_loss:0.6808713582326781 acc:0.7029789498760188
[Epoch 37] train_loss:0.39388890637610746 test_loss:0.6800633375374776 acc:0.7048875443725594
[Epoch 38] train_loss:0.3896901018924596 test_loss:0.6808278758570833 acc:0.7059958557055577
[Epoch 39] train_loss:0.38594287846367575 test_loss:0.6804851789519472 acc:0.7073728957487908
[Epoch 40] train_loss:0.3827955596732913 test_loss:0.681333130373145 acc:0.707729034254297
[Epoch 41] train_loss:0.3793216617857093 test_loss:0.6802101703184955 acc:0.7095189991195471
[Epoch 42] train_loss:0.37647820149422595 test_loss:0.6811362146206622 acc:0.7099299706519044
[Epoch 43] train_loss:0.3742044270038605 test_loss:0.6790157647627705 acc:0.712146764356924
[Epoch 44] train_loss:0.37120345998924786 test_loss:0.6803437015920315 acc:0.7116556314952507
[Epoch 45] train_loss:0.36936701051855675 test_loss:0.6796305771143931 acc:0.7132010783569801
[Epoch 46] train_loss:0.3659039188855318 test_loss:0.6804736563619578 acc:0.7134055512837193
[Epoch 47] train_loss:0.3640824031221968 test_loss:0.679325412466841 acc:0.7154865537497677
[Epoch 48] train_loss:0.36172761796948144 test_loss:0.6796210037087494 acc:0.7154924652694192
[Epoch 49] train_loss:0.3598869097497353 test_loss:0.6797762536777641 acc:0.7161092076412677
[Epoch 50] train_loss:0.3576331220503907 test_loss:0.6803623305176789 acc:0.7160293525220345
training time:3862.9922490119934
