Namespace(dataset='music', aggregator='sum', n_epochs=50, neighbor_sample_size=8, dim=16, n_iter=1, batch_size=32, l2_weight=0.0001, lr=0.0005, ratio=0.8)
Build dataset dataframe ... Done
Construct knowledge graph ... Done
[Epoch 1] train_loss:0.9814626868881067 test_loss:0.862096402780065 acc:0.5039807942321582
[Epoch 2] train_loss:0.7799874764776545 test_loss:0.7299792883531102 acc:0.5095668999563657
[Epoch 3] train_loss:0.7047419604881402 test_loss:0.6997797709590984 acc:0.5159491049503178
[Epoch 4] train_loss:0.6916656465998677 test_loss:0.6944923092734139 acc:0.5205711427088049
[Epoch 5] train_loss:0.6885884044528345 test_loss:0.6929278490678319 acc:0.5209055314831569
[Epoch 6] train_loss:0.6865287942634201 test_loss:0.6920368473484831 acc:0.5259949419037977
[Epoch 7] train_loss:0.6842873997571223 test_loss:0.6910257784825451 acc:0.5349272637287148
[Epoch 8] train_loss:0.680985317802069 test_loss:0.6888305605582471 acc:0.5555846673684218
[Epoch 9] train_loss:0.67401177062529 test_loss:0.6820897835605549 acc:0.5950348283012628
[Epoch 10] train_loss:0.6552321678968507 test_loss:0.6602658604675868 acc:0.6714938279180218
[Epoch 11] train_loss:0.6087254360107119 test_loss:0.6088904466269152 acc:0.7664645721645772
[Epoch 12] train_loss:0.5346093267849642 test_loss:0.5477482405473602 acc:0.8152704278573226
[Epoch 13] train_loss:0.4684004595079323 test_loss:0.5086548689401375 acc:0.8371936845581058
[Epoch 14] train_loss:0.42545888311914726 test_loss:0.48838643184248004 acc:0.8467918866666618
[Epoch 15] train_loss:0.39768932884993474 test_loss:0.4776552554571404 acc:0.8531140264066951
[Epoch 16] train_loss:0.3782949584260991 test_loss:0.47270082077890074 acc:0.8546289829688662
[Epoch 17] train_loss:0.36405141927421486 test_loss:0.4708616163370744 acc:0.8557455807642166
[Epoch 18] train_loss:0.352907463640847 test_loss:0.47036144620967363 acc:0.8568533026096364
[Epoch 19] train_loss:0.3436075102140365 test_loss:0.47031260245251205 acc:0.8572614414118811
[Epoch 20] train_loss:0.33540926309437885 test_loss:0.4703191752703685 acc:0.8572902908960427
[Epoch 21] train_loss:0.32787378574171866 test_loss:0.47022227566197233 acc:0.8578126049917313
[Epoch 22] train_loss:0.32073189778300926 test_loss:0.4699719939029442 acc:0.858140001893461
[Epoch 23] train_loss:0.3138233798928031 test_loss:0.4695685264636885 acc:0.8582236265376771
[Epoch 24] train_loss:0.3070644627239931 test_loss:0.4690381131082211 acc:0.8588029498000432
[Epoch 25] train_loss:0.30041923562488654 test_loss:0.46842251937344387 acc:0.8590897879592472
[Epoch 26] train_loss:0.29387898319616307 test_loss:0.4677663640031275 acc:0.8598855811698218
[Epoch 27] train_loss:0.2874471261478236 test_loss:0.4671106131571644 acc:0.8605486278788822
[Epoch 28] train_loss:0.28113382842965123 test_loss:0.4665003986853474 acc:0.8610101026473616
[Epoch 29] train_loss:0.27496820845842584 test_loss:0.46597242490300594 acc:0.861743728300995
[Epoch 30] train_loss:0.2689865177200018 test_loss:0.46554422429147757 acc:0.8616721095789005
[Epoch 31] train_loss:0.26321706857542815 test_loss:0.46522718420568504 acc:0.8621508451466252
[Epoch 32] train_loss:0.25768550276418584 test_loss:0.46502428853286887 acc:0.8623398598136476
[Epoch 33] train_loss:0.25241263223437344 test_loss:0.46493169187374833 acc:0.8624669131219641
[Epoch 34] train_loss:0.24740780795712422 test_loss:0.4649327414778044 acc:0.8624815613523739
[Epoch 35] train_loss:0.24266970251898815 test_loss:0.4650027288018532 acc:0.8629741337545328
[Epoch 36] train_loss:0.23819134378765303 test_loss:0.46511677857839834 acc:0.862958802434946
[Epoch 37] train_loss:0.23396302544361472 test_loss:0.46525643563495495 acc:0.8629365055578547
[Epoch 38] train_loss:0.2299731693831224 test_loss:0.46540909510738443 acc:0.8629971495669603
[Epoch 39] train_loss:0.226208621321195 test_loss:0.4655660467327766 acc:0.8625974939975587
[Epoch 40] train_loss:0.22265445697099337 test_loss:0.4657224201368836 acc:0.8626311999025977
[Epoch 41] train_loss:0.21929559250897793 test_loss:0.46588114044576323 acc:0.8623868571750524
[Epoch 42] train_loss:0.2161229226221106 test_loss:0.4660481405708025 acc:0.8624099968221909
[Epoch 43] train_loss:0.21313135922517948 test_loss:0.4662218303612943 acc:0.8623245145477575
[Epoch 44] train_loss:0.21031184145535242 test_loss:0.46639767924569686 acc:0.8627009582338735
[Epoch 45] train_loss:0.20765385078837897 test_loss:0.46657463896949336 acc:0.8625383201255445
[Epoch 46] train_loss:0.20514740967970058 test_loss:0.466752028184117 acc:0.8623787789992169
[Epoch 47] train_loss:0.20278337768105767 test_loss:0.46693246117178 acc:0.8620205272150578
[Epoch 48] train_loss:0.20055506798430814 test_loss:0.46711787215943606 acc:0.8618921051555211
[Epoch 49] train_loss:0.1984569106859571 test_loss:0.46730618836744775 acc:0.8618222070925606
[Epoch 50] train_loss:0.19648279492392418 test_loss:0.4674934037451474 acc:0.8621164193412658
training time:367.2982563972473
