Namespace(dataset='music', aggregator='sum', n_epochs=50, neighbor_sample_size=8, dim=16, n_iter=2, batch_size=32, l2_weight=0.0001, lr=0.0005, ratio=0.8)
Build dataset dataframe ... Done
Construct knowledge graph ... Done
[Epoch 1] train_loss:0.739981980510654 test_loss:0.7075320342801652 acc:0.5052216816995284
[Epoch 2] train_loss:0.7013637520886458 test_loss:0.6994849747081973 acc:0.5034932136784787
[Epoch 3] train_loss:0.6947584382985649 test_loss:0.6968358939548709 acc:0.4999789844883003
[Epoch 4] train_loss:0.6923241934987934 test_loss:0.6958794308158587 acc:0.4944971147999268
[Epoch 5] train_loss:0.6914291673949352 test_loss:0.6955661479032265 acc:0.49050443340955585
[Epoch 6] train_loss:0.6910051510962143 test_loss:0.6956597915235555 acc:0.4874142774817682
[Epoch 7] train_loss:0.6903336582823223 test_loss:0.6964082128596756 acc:0.491413775832632
[Epoch 8] train_loss:0.6889826639628388 test_loss:0.6973626233496756 acc:0.4994401305861934
[Epoch 9] train_loss:0.686997629596559 test_loss:0.6976698533544 acc:0.5086835450444954
[Epoch 10] train_loss:0.6844202316066248 test_loss:0.6979279394419688 acc:0.5173262000627002
[Epoch 11] train_loss:0.6816122980473512 test_loss:0.6985557047825939 acc:0.5210973492517982
[Epoch 12] train_loss:0.6783420288191301 test_loss:0.6988869907721034 acc:0.5245157463603972
[Epoch 13] train_loss:0.6729516371226288 test_loss:0.696544600657697 acc:0.538101369353692
[Epoch 14] train_loss:0.6600932280222574 test_loss:0.6815170875135458 acc:0.5903398210789423
[Epoch 15] train_loss:0.623358841658314 test_loss:0.629244220931575 acc:0.7277361124152643
[Epoch 16] train_loss:0.5544168887496332 test_loss:0.5660527368761459 acc:0.7997200990309759
[Epoch 17] train_loss:0.49581195316976595 test_loss:0.5318783707213852 acc:0.8194037684581447
[Epoch 18] train_loss:0.46068350716060463 test_loss:0.5136266294515358 acc:0.8294515581632687
[Epoch 19] train_loss:0.43700353146950177 test_loss:0.5016467118038321 acc:0.8370632682964865
[Epoch 20] train_loss:0.4197560121165457 test_loss:0.4949345733759538 acc:0.8420638798647858
[Epoch 21] train_loss:0.4071219959019264 test_loss:0.49167805853879676 acc:0.8437312402331635
[Epoch 22] train_loss:0.3975076408629377 test_loss:0.4907194276463311 acc:0.845011257988458
[Epoch 23] train_loss:0.38992503212238955 test_loss:0.49110221980877644 acc:0.8446019417925525
[Epoch 24] train_loss:0.38363087357385073 test_loss:0.49204654069441667 acc:0.844840034159218
[Epoch 25] train_loss:0.3781802848023666 test_loss:0.49305400555988527 acc:0.8449091997726168
[Epoch 26] train_loss:0.37330201203469626 test_loss:0.4939724179371348 acc:0.8448954146898163
[Epoch 27] train_loss:0.3688333447217041 test_loss:0.4948166708338935 acc:0.8446212798976065
[Epoch 28] train_loss:0.3642255766871293 test_loss:0.4928415735937514 acc:0.8460107855488904
[Epoch 29] train_loss:0.3581710692364951 test_loss:0.4928142411528893 acc:0.8461495093891281
[Epoch 30] train_loss:0.35362655495674233 test_loss:0.49365429040395986 acc:0.8456801973471456
[Epoch 31] train_loss:0.3497349727226947 test_loss:0.49486491893822293 acc:0.84546086358997
[Epoch 32] train_loss:0.34632112064712783 test_loss:0.49631890199094447 acc:0.8447532192840143
[Epoch 33] train_loss:0.3432803034669842 test_loss:0.4979173372938948 acc:0.8441113908639899
[Epoch 34] train_loss:0.3405108570180151 test_loss:0.49960303166002595 acc:0.8435732785752458
[Epoch 35] train_loss:0.33800426170553544 test_loss:0.5013261868143981 acc:0.8431336176585472
[Epoch 36] train_loss:0.33572370955075037 test_loss:0.5030691228947549 acc:0.8425322811325926
[Epoch 37] train_loss:0.3336227764714091 test_loss:0.5047514801317791 acc:0.8418659554030903
[Epoch 38] train_loss:0.33163738270431786 test_loss:0.5062588029874946 acc:0.8411127829961114
[Epoch 39] train_loss:0.3297331743188575 test_loss:0.5078632788275773 acc:0.8405822063422935
[Epoch 40] train_loss:0.3279764230685824 test_loss:0.5094619237589386 acc:0.8399091825936813
[Epoch 41] train_loss:0.32631479924134876 test_loss:0.511012389974774 acc:0.8395451563872861
[Epoch 42] train_loss:0.3247204755729274 test_loss:0.5124964089326138 acc:0.839076766487015
[Epoch 43] train_loss:0.3231715017945503 test_loss:0.5139081336979596 acc:0.8381792718402138
[Epoch 44] train_loss:0.32164513900158426 test_loss:0.5152451600668565 acc:0.8375139589184133
[Epoch 45] train_loss:0.3201208793829926 test_loss:0.516501011938419 acc:0.8373538347398185
[Epoch 46] train_loss:0.3185822276628952 test_loss:0.5176685105517226 acc:0.8369818478921296
[Epoch 47] train_loss:0.31701354502337065 test_loss:0.5187414917743431 acc:0.8362372729208362
[Epoch 48] train_loss:0.3154006550990826 test_loss:0.5197190592311464 acc:0.8359917894153266
[Epoch 49] train_loss:0.3137300821184774 test_loss:0.5205967241300726 acc:0.8356191000255331
[Epoch 50] train_loss:0.31198535748424117 test_loss:0.5213339699889129 acc:0.8352387895860508
training time:433.0412230491638
