Namespace(dataset='music', aggregator='sum', n_epochs=50, neighbor_sample_size=8, dim=16, n_iter=3, batch_size=32, l2_weight=0.0001, lr=0.0005, ratio=0.8)
Build dataset dataframe ... Done
Construct knowledge graph ... Done
[Epoch 1] train_loss:0.7265780467374692 test_loss:0.6980194723831032 acc:0.49917537665925654
[Epoch 2] train_loss:0.6949926068244733 test_loss:0.6966176345663251 acc:0.4970818293532613
[Epoch 3] train_loss:0.693832274480627 test_loss:0.6960578099736627 acc:0.49749851850087917
[Epoch 4] train_loss:0.693115551647316 test_loss:0.6961664096364435 acc:0.4946812659664977
[Epoch 5] train_loss:0.6922988863459615 test_loss:0.6969357647985782 acc:0.49359659748599427
[Epoch 6] train_loss:0.6908223622806574 test_loss:0.6985720202607929 acc:0.49381403595897405
[Epoch 7] train_loss:0.688221195995864 test_loss:0.7012645314324577 acc:0.49711844477113476
[Epoch 8] train_loss:0.6846426438339709 test_loss:0.7051546843546741 acc:0.4985484969025508
[Epoch 9] train_loss:0.6809331760640636 test_loss:0.7100987229707106 acc:0.4993498137203033
[Epoch 10] train_loss:0.6779787328808345 test_loss:0.7135212639592728 acc:0.5004075642605762
[Epoch 11] train_loss:0.6759279653415914 test_loss:0.7150016454030883 acc:0.5030246880297957
[Epoch 12] train_loss:0.6745407146817677 test_loss:0.7150258921227365 acc:0.5050963552286313
[Epoch 13] train_loss:0.6735479462473206 test_loss:0.7150175879586418 acc:0.5053227618308382
[Epoch 14] train_loss:0.6724478063772488 test_loss:0.7169211612557466 acc:0.5018856346871039
[Epoch 15] train_loss:0.6704455718215172 test_loss:0.7210324683279361 acc:0.4956835300105584
[Epoch 16] train_loss:0.666845844363806 test_loss:0.725509198656622 acc:0.48938297377810624
[Epoch 17] train_loss:0.6610886520434371 test_loss:0.7300355594113188 acc:0.4843948154349895
[Epoch 18] train_loss:0.6530609008723323 test_loss:0.7343922803986748 acc:0.4829447075686671
[Epoch 19] train_loss:0.6421373916527817 test_loss:0.7373341402917538 acc:0.48686136794854695
[Epoch 20] train_loss:0.6274364950298925 test_loss:0.7363178581561682 acc:0.5007605919322201
[Epoch 21] train_loss:0.607741872497726 test_loss:0.7262912001249925 acc:0.5367591931485672
[Epoch 22] train_loss:0.5810678160843475 test_loss:0.7047895424770859 acc:0.586940735153061
[Epoch 23] train_loss:0.548403567475345 test_loss:0.6769110992269696 acc:0.6391240962033716
[Epoch 24] train_loss:0.514000894862374 test_loss:0.649101887558991 acc:0.6831915519999389
[Epoch 25] train_loss:0.48115932797912836 test_loss:0.6248192879388917 acc:0.7161365943846257
[Epoch 26] train_loss:0.4519172100608815 test_loss:0.6061120805875311 acc:0.7403824540479348
[Epoch 27] train_loss:0.42746692845233775 test_loss:0.5913670147364994 acc:0.757593524675426
[Epoch 28] train_loss:0.40714053609834966 test_loss:0.5807304553265842 acc:0.7704916880805793
[Epoch 29] train_loss:0.3901673753352746 test_loss:0.5734230326031738 acc:0.7794665105342017
[Epoch 30] train_loss:0.3759319093201496 test_loss:0.568448820204105 acc:0.7857193728965961
[Epoch 31] train_loss:0.3638403911681756 test_loss:0.5646316125707806 acc:0.790977548292543
[Epoch 32] train_loss:0.353215043419819 test_loss:0.5621584215254154 acc:0.7942115608626559
[Epoch 33] train_loss:0.3439176730438715 test_loss:0.5606961959937833 acc:0.7967289794112609
[Epoch 34] train_loss:0.3356115576847192 test_loss:0.5597752884873805 acc:0.7992094175981383
[Epoch 35] train_loss:0.32829727985253304 test_loss:0.5590183141096583 acc:0.8004322156270847
[Epoch 36] train_loss:0.3217707215416983 test_loss:0.558884630900509 acc:0.8018114987443206
[Epoch 37] train_loss:0.3159764044486317 test_loss:0.5588296822781833 acc:0.8038561694846689
[Epoch 38] train_loss:0.31061750315516706 test_loss:0.5590179060427648 acc:0.8052139422735187
[Epoch 39] train_loss:0.30555240048677773 test_loss:0.5591403029437335 acc:0.8063082434147099
[Epoch 40] train_loss:0.3008111822256173 test_loss:0.5598528936224164 acc:0.8065975219176164
[Epoch 41] train_loss:0.2964228760447561 test_loss:0.5602293111243338 acc:0.8077679951428831
[Epoch 42] train_loss:0.2921307450819961 test_loss:0.5607623555750217 acc:0.8078583846229499
[Epoch 43] train_loss:0.2883350632740035 test_loss:0.560581794549834 acc:0.8090204630112928
[Epoch 44] train_loss:0.2846478944797354 test_loss:0.5609194754991891 acc:0.8093963686643535
[Epoch 45] train_loss:0.28134754760238334 test_loss:0.561026006374719 acc:0.8098891328529786
[Epoch 46] train_loss:0.27773129707861893 test_loss:0.5623405466664512 acc:0.8102228472967034
[Epoch 47] train_loss:0.2749292810673529 test_loss:0.5625672314526899 acc:0.8107325487623944
[Epoch 48] train_loss:0.27171888704059033 test_loss:0.5634502575644907 acc:0.811267240618494
[Epoch 49] train_loss:0.26866211260231854 test_loss:0.5642408781456497 acc:0.8110193189624434
[Epoch 50] train_loss:0.2657923422845272 test_loss:0.5648682004438257 acc:0.8123052757879103
training time:824.0858805179596
